22-Jul-2020 17:02:04.513 INFO [main] org.apache.catalina.startup.VersionLoggerListener.log Server version name:   Apache Tomcat/9.0.37
22-Jul-2020 17:02:04.567 INFO [main] org.apache.catalina.startup.VersionLoggerListener.log Server built:          Jun 30 2020 20:09:49 UTC
22-Jul-2020 17:02:04.567 INFO [main] org.apache.catalina.startup.VersionLoggerListener.log Server version number: 9.0.37.0
22-Jul-2020 17:02:04.568 INFO [main] org.apache.catalina.startup.VersionLoggerListener.log OS Name:               Windows 10
22-Jul-2020 17:02:04.568 INFO [main] org.apache.catalina.startup.VersionLoggerListener.log OS Version:            10.0
22-Jul-2020 17:02:04.568 INFO [main] org.apache.catalina.startup.VersionLoggerListener.log Architecture:          amd64
22-Jul-2020 17:02:04.569 INFO [main] org.apache.catalina.startup.VersionLoggerListener.log Java Home:             C:\Program Files\Java\jdk1.8.0_112\jre
22-Jul-2020 17:02:04.570 INFO [main] org.apache.catalina.startup.VersionLoggerListener.log JVM Version:           1.8.0_112-b15
22-Jul-2020 17:02:04.570 INFO [main] org.apache.catalina.startup.VersionLoggerListener.log JVM Vendor:            Oracle Corporation
22-Jul-2020 17:02:04.570 INFO [main] org.apache.catalina.startup.VersionLoggerListener.log CATALINA_BASE:         F:\apache-tomcat-9.0.37
22-Jul-2020 17:02:04.570 INFO [main] org.apache.catalina.startup.VersionLoggerListener.log CATALINA_HOME:         F:\apache-tomcat-9.0.37
22-Jul-2020 17:02:04.620 INFO [main] org.apache.catalina.startup.VersionLoggerListener.log Command line argument: -Djava.util.logging.config.file=F:/apache-tomcat-9.0.37/conf/logging.properties
22-Jul-2020 17:02:04.621 INFO [main] org.apache.catalina.startup.VersionLoggerListener.log Command line argument: -Djava.util.logging.manager=org.apache.juli.ClassLoaderLogManager
22-Jul-2020 17:02:04.621 INFO [main] org.apache.catalina.startup.VersionLoggerListener.log Command line argument: -Djdk.tls.ephemeralDHKeySize=2048
22-Jul-2020 17:02:04.621 INFO [main] org.apache.catalina.startup.VersionLoggerListener.log Command line argument: -Djava.protocol.handler.pkgs=org.apache.catalina.webresources
22-Jul-2020 17:02:04.621 INFO [main] org.apache.catalina.startup.VersionLoggerListener.log Command line argument: -Dorg.apache.catalina.security.SecurityListener.UMASK=0027
22-Jul-2020 17:02:04.621 INFO [main] org.apache.catalina.startup.VersionLoggerListener.log Command line argument: -Dignore.endorsed.dirs=
22-Jul-2020 17:02:04.622 INFO [main] org.apache.catalina.startup.VersionLoggerListener.log Command line argument: -Dcatalina.base=F:/apache-tomcat-9.0.37
22-Jul-2020 17:02:04.622 INFO [main] org.apache.catalina.startup.VersionLoggerListener.log Command line argument: -Dcatalina.home=F:/apache-tomcat-9.0.37
22-Jul-2020 17:02:04.622 INFO [main] org.apache.catalina.startup.VersionLoggerListener.log Command line argument: -Djava.io.tmpdir=F:/apache-tomcat-9.0.37/temp
22-Jul-2020 17:02:04.623 INFO [main] org.apache.catalina.core.AprLifecycleListener.lifecycleEvent The Apache Tomcat Native library which allows using OpenSSL was not found on the java.library.path: [C:\Program Files\Java\jdk1.8.0_112\bin;C:\Windows\Sun\Java\bin;C:\Windows\system32;C:\Windows;C:\Users\Shashi Shankar Singh\bin;C:\Program Files\Git\mingw64\bin;C:\Program Files\Git\usr\local\bin;C:\Program Files\Git\usr\bin;C:\Program Files\Git\usr\bin;C:\Program Files\Git\mingw64\bin;C:\Program Files\Git\usr\bin;C:\Users\Shashi Shankar Singh\bin;C:\Program Files\Java\jre1.8.0_112\bin\server;C:\Program Files\Java\jre1.8.0_112\bin;C:\Program Files\Java\jre1.8.0_112\lib\amd64;C:\oraclexe\app\oracle\product\10.2.0\server\bin;C:\ProgramData\Oracle\Java\javapath;C:\Windows\system32;C:\Windows;C:\Windows\System32\Wbem;C:\Windows\System32\WindowsPowerShell\v1.0;C:\Windows\System32\OpenSSH;C:\Program Files\Java\jdk1.8.0_112\bin;C:\Program Files\Git\cmd;C:\Program Files\dotnet;C:\Program Files\Microsoft SQL Server\130\Tools\Binn;C:\Program Files\Microsoft SQL Server\Client SDK\ODBC\170\Tools\Binn;C:\Program Files\nodejs;C:\Program Files\apache-maven-3.6.3\bin;C:\Users\Shashi Shankar Singh\AppData\Local\Microsoft\WindowsApps;C:\Users\Shashi Shankar Singh\AppData\Roaming\npm;C:\Users\Shashi Shankar Singh\AppData\Roaming\npm\node_modules\@angular\cli\bin;C:\Program Files\JetBrains\IntelliJ IDEA 2019.1.2\bin;C:\Program Files\JetBrains\IntelliJ IDEA Educational Edition 2019.3.1\bin;C:\Users\Shashi Shankar Singh\Downloads\sts-bundle\sts-3.9.11.RELEASE;C:\Program Files\Git\usr\bin\vendor_perl;C:\Program Files\Git\usr\bin\core_perl;.]
22-Jul-2020 17:02:06.202 INFO [main] org.apache.coyote.AbstractProtocol.init Initializing ProtocolHandler ["http-nio-8080"]
22-Jul-2020 17:02:06.831 INFO [main] org.apache.catalina.startup.Catalina.load Server initialization in [3088] milliseconds
22-Jul-2020 17:02:06.992 INFO [main] org.apache.catalina.core.StandardService.startInternal Starting service [Catalina]
22-Jul-2020 17:02:06.993 INFO [main] org.apache.catalina.core.StandardEngine.startInternal Starting Servlet engine: [Apache Tomcat/9.0.37]
22-Jul-2020 17:02:07.012 INFO [main] org.apache.catalina.startup.HostConfig.deployDirectory Deploying web application directory [F:\apache-tomcat-9.0.37\webapps\docs]
22-Jul-2020 17:02:07.670 INFO [main] org.apache.catalina.startup.HostConfig.deployDirectory Deployment of web application directory [F:\apache-tomcat-9.0.37\webapps\docs] has finished in [656] ms
22-Jul-2020 17:02:07.671 INFO [main] org.apache.catalina.startup.HostConfig.deployDirectory Deploying web application directory [F:\apache-tomcat-9.0.37\webapps\examples]
22-Jul-2020 17:02:09.058 INFO [main] org.apache.catalina.startup.HostConfig.deployDirectory Deployment of web application directory [F:\apache-tomcat-9.0.37\webapps\examples] has finished in [1,387] ms
22-Jul-2020 17:02:09.059 INFO [main] org.apache.catalina.startup.HostConfig.deployDirectory Deploying web application directory [F:\apache-tomcat-9.0.37\webapps\host-manager]
22-Jul-2020 17:02:09.157 INFO [main] org.apache.catalina.startup.HostConfig.deployDirectory Deployment of web application directory [F:\apache-tomcat-9.0.37\webapps\host-manager] has finished in [99] ms
22-Jul-2020 17:02:09.157 INFO [main] org.apache.catalina.startup.HostConfig.deployDirectory Deploying web application directory [F:\apache-tomcat-9.0.37\webapps\manager]
22-Jul-2020 17:02:09.220 INFO [main] org.apache.catalina.startup.HostConfig.deployDirectory Deployment of web application directory [F:\apache-tomcat-9.0.37\webapps\manager] has finished in [62] ms
22-Jul-2020 17:02:09.221 INFO [main] org.apache.catalina.startup.HostConfig.deployDirectory Deploying web application directory [F:\apache-tomcat-9.0.37\webapps\ROOT]
22-Jul-2020 17:02:09.318 INFO [main] org.apache.catalina.startup.HostConfig.deployDirectory Deployment of web application directory [F:\apache-tomcat-9.0.37\webapps\ROOT] has finished in [96] ms
22-Jul-2020 17:02:09.328 INFO [main] org.apache.coyote.AbstractProtocol.start Starting ProtocolHandler ["http-nio-8080"]
22-Jul-2020 17:02:09.353 INFO [main] org.apache.catalina.startup.Catalina.start Server startup in [2522] milliseconds
22-Jul-2020 17:06:20.440 INFO [main] org.apache.catalina.core.StandardServer.await A valid shutdown command was received via the shutdown port. Stopping the Server instance.
22-Jul-2020 17:06:20.441 INFO [main] org.apache.coyote.AbstractProtocol.pause Pausing ProtocolHandler ["http-nio-8080"]
22-Jul-2020 17:06:20.812 INFO [main] org.apache.catalina.core.StandardService.stopInternal Stopping service [Catalina]
22-Jul-2020 17:06:20.896 INFO [main] org.apache.coyote.AbstractProtocol.stop Stopping ProtocolHandler ["http-nio-8080"]
22-Jul-2020 17:06:20.904 INFO [main] org.apache.coyote.AbstractProtocol.destroy Destroying ProtocolHandler ["http-nio-8080"]
22-Jul-2020 17:20:47.356 INFO [main] org.apache.catalina.startup.VersionLoggerListener.log Server version name:   Apache Tomcat/9.0.37
22-Jul-2020 17:20:47.471 INFO [main] org.apache.catalina.startup.VersionLoggerListener.log Server built:          Jun 30 2020 20:09:49 UTC
22-Jul-2020 17:20:47.472 INFO [main] org.apache.catalina.startup.VersionLoggerListener.log Server version number: 9.0.37.0
22-Jul-2020 17:20:47.472 INFO [main] org.apache.catalina.startup.VersionLoggerListener.log OS Name:               Windows 10
22-Jul-2020 17:20:47.473 INFO [main] org.apache.catalina.startup.VersionLoggerListener.log OS Version:            10.0
22-Jul-2020 17:20:47.473 INFO [main] org.apache.catalina.startup.VersionLoggerListener.log Architecture:          amd64
22-Jul-2020 17:20:47.473 INFO [main] org.apache.catalina.startup.VersionLoggerListener.log Java Home:             C:\Program Files\Java\jdk1.8.0_112\jre
22-Jul-2020 17:20:47.473 INFO [main] org.apache.catalina.startup.VersionLoggerListener.log JVM Version:           1.8.0_112-b15
22-Jul-2020 17:20:47.474 INFO [main] org.apache.catalina.startup.VersionLoggerListener.log JVM Vendor:            Oracle Corporation
22-Jul-2020 17:20:47.474 INFO [main] org.apache.catalina.startup.VersionLoggerListener.log CATALINA_BASE:         F:\apache-tomcat-9.0.37
22-Jul-2020 17:20:47.474 INFO [main] org.apache.catalina.startup.VersionLoggerListener.log CATALINA_HOME:         F:\apache-tomcat-9.0.37
22-Jul-2020 17:20:47.503 INFO [main] org.apache.catalina.startup.VersionLoggerListener.log Command line argument: -Djava.util.logging.config.file=F:/apache-tomcat-9.0.37/conf/logging.properties
22-Jul-2020 17:20:47.503 INFO [main] org.apache.catalina.startup.VersionLoggerListener.log Command line argument: -Djava.util.logging.manager=org.apache.juli.ClassLoaderLogManager
22-Jul-2020 17:20:47.504 INFO [main] org.apache.catalina.startup.VersionLoggerListener.log Command line argument: -Djdk.tls.ephemeralDHKeySize=2048
22-Jul-2020 17:20:47.504 INFO [main] org.apache.catalina.startup.VersionLoggerListener.log Command line argument: -Djava.protocol.handler.pkgs=org.apache.catalina.webresources
22-Jul-2020 17:20:47.504 INFO [main] org.apache.catalina.startup.VersionLoggerListener.log Command line argument: -Dorg.apache.catalina.security.SecurityListener.UMASK=0027
22-Jul-2020 17:20:47.504 INFO [main] org.apache.catalina.startup.VersionLoggerListener.log Command line argument: -Dignore.endorsed.dirs=
22-Jul-2020 17:20:47.504 INFO [main] org.apache.catalina.startup.VersionLoggerListener.log Command line argument: -Dcatalina.base=F:/apache-tomcat-9.0.37
22-Jul-2020 17:20:47.504 INFO [main] org.apache.catalina.startup.VersionLoggerListener.log Command line argument: -Dcatalina.home=F:/apache-tomcat-9.0.37
22-Jul-2020 17:20:47.505 INFO [main] org.apache.catalina.startup.VersionLoggerListener.log Command line argument: -Djava.io.tmpdir=F:/apache-tomcat-9.0.37/temp
22-Jul-2020 17:20:47.505 INFO [main] org.apache.catalina.core.AprLifecycleListener.lifecycleEvent The Apache Tomcat Native library which allows using OpenSSL was not found on the java.library.path: [C:\Program Files\Java\jdk1.8.0_112\bin;C:\Windows\Sun\Java\bin;C:\Windows\system32;C:\Windows;C:\Users\Shashi Shankar Singh\bin;C:\Program Files\Git\mingw64\bin;C:\Program Files\Git\usr\local\bin;C:\Program Files\Git\usr\bin;C:\Program Files\Git\usr\bin;C:\Program Files\Git\mingw64\bin;C:\Program Files\Git\usr\bin;C:\Users\Shashi Shankar Singh\bin;C:\Program Files\Java\jre1.8.0_112\bin\server;C:\Program Files\Java\jre1.8.0_112\bin;C:\Program Files\Java\jre1.8.0_112\lib\amd64;C:\oraclexe\app\oracle\product\10.2.0\server\bin;C:\ProgramData\Oracle\Java\javapath;C:\Windows\system32;C:\Windows;C:\Windows\System32\Wbem;C:\Windows\System32\WindowsPowerShell\v1.0;C:\Windows\System32\OpenSSH;C:\Program Files\Java\jdk1.8.0_112\bin;C:\Program Files\Git\cmd;C:\Program Files\dotnet;C:\Program Files\Microsoft SQL Server\130\Tools\Binn;C:\Program Files\Microsoft SQL Server\Client SDK\ODBC\170\Tools\Binn;C:\Program Files\nodejs;C:\Program Files\apache-maven-3.6.3\bin;C:\Users\Shashi Shankar Singh\AppData\Local\Microsoft\WindowsApps;C:\Users\Shashi Shankar Singh\AppData\Roaming\npm;C:\Users\Shashi Shankar Singh\AppData\Roaming\npm\node_modules\@angular\cli\bin;C:\Program Files\JetBrains\IntelliJ IDEA 2019.1.2\bin;C:\Program Files\JetBrains\IntelliJ IDEA Educational Edition 2019.3.1\bin;C:\Users\Shashi Shankar Singh\Downloads\sts-bundle\sts-3.9.11.RELEASE;C:\Program Files\Git\usr\bin\vendor_perl;C:\Program Files\Git\usr\bin\core_perl;.]
22-Jul-2020 17:20:52.587 INFO [main] org.apache.coyote.AbstractProtocol.init Initializing ProtocolHandler ["http-nio-8080"]
22-Jul-2020 17:20:54.136 INFO [main] org.apache.catalina.startup.Catalina.load Server initialization in [8147] milliseconds
22-Jul-2020 17:20:54.635 INFO [main] org.apache.catalina.core.StandardService.startInternal Starting service [Catalina]
22-Jul-2020 17:20:54.635 INFO [main] org.apache.catalina.core.StandardEngine.startInternal Starting Servlet engine: [Apache Tomcat/9.0.37]
22-Jul-2020 17:20:54.656 INFO [main] org.apache.catalina.startup.HostConfig.deployDirectory Deploying web application directory [F:\apache-tomcat-9.0.37\webapps\docs]
22-Jul-2020 17:20:57.097 INFO [main] org.apache.catalina.startup.HostConfig.deployDirectory Deployment of web application directory [F:\apache-tomcat-9.0.37\webapps\docs] has finished in [2,436] ms
22-Jul-2020 17:20:57.098 INFO [main] org.apache.catalina.startup.HostConfig.deployDirectory Deploying web application directory [F:\apache-tomcat-9.0.37\webapps\examples]
22-Jul-2020 17:20:59.132 INFO [main] org.apache.catalina.startup.HostConfig.deployDirectory Deployment of web application directory [F:\apache-tomcat-9.0.37\webapps\examples] has finished in [2,034] ms
22-Jul-2020 17:20:59.133 INFO [main] org.apache.catalina.startup.HostConfig.deployDirectory Deploying web application directory [F:\apache-tomcat-9.0.37\webapps\host-manager]
22-Jul-2020 17:20:59.379 INFO [main] org.apache.catalina.startup.HostConfig.deployDirectory Deployment of web application directory [F:\apache-tomcat-9.0.37\webapps\host-manager] has finished in [246] ms
22-Jul-2020 17:20:59.380 INFO [main] org.apache.catalina.startup.HostConfig.deployDirectory Deploying web application directory [F:\apache-tomcat-9.0.37\webapps\manager]
22-Jul-2020 17:20:59.489 INFO [main] org.apache.catalina.startup.HostConfig.deployDirectory Deployment of web application directory [F:\apache-tomcat-9.0.37\webapps\manager] has finished in [109] ms
22-Jul-2020 17:20:59.490 INFO [main] org.apache.catalina.startup.HostConfig.deployDirectory Deploying web application directory [F:\apache-tomcat-9.0.37\webapps\ROOT]
22-Jul-2020 17:20:59.580 INFO [main] org.apache.catalina.startup.HostConfig.deployDirectory Deployment of web application directory [F:\apache-tomcat-9.0.37\webapps\ROOT] has finished in [90] ms
22-Jul-2020 17:20:59.596 INFO [main] org.apache.coyote.AbstractProtocol.start Starting ProtocolHandler ["http-nio-8080"]
22-Jul-2020 17:20:59.632 INFO [main] org.apache.catalina.startup.Catalina.start Server startup in [5494] milliseconds
22-Jul-2020 17:29:28.371 INFO [main] org.apache.catalina.core.StandardServer.await A valid shutdown command was received via the shutdown port. Stopping the Server instance.
22-Jul-2020 17:29:28.373 INFO [main] org.apache.coyote.AbstractProtocol.pause Pausing ProtocolHandler ["http-nio-8080"]
22-Jul-2020 17:29:28.756 INFO [main] org.apache.catalina.core.StandardService.stopInternal Stopping service [Catalina]
22-Jul-2020 17:29:28.823 INFO [main] org.apache.coyote.AbstractProtocol.stop Stopping ProtocolHandler ["http-nio-8080"]
22-Jul-2020 17:29:28.829 INFO [main] org.apache.coyote.AbstractProtocol.destroy Destroying ProtocolHandler ["http-nio-8080"]
22-Jul-2020 17:33:18.587 INFO [main] org.apache.catalina.startup.VersionLoggerListener.log Server version name:   Apache Tomcat/9.0.37
22-Jul-2020 17:33:18.593 INFO [main] org.apache.catalina.startup.VersionLoggerListener.log Server built:          Jun 30 2020 20:09:49 UTC
22-Jul-2020 17:33:18.593 INFO [main] org.apache.catalina.startup.VersionLoggerListener.log Server version number: 9.0.37.0
22-Jul-2020 17:33:18.593 INFO [main] org.apache.catalina.startup.VersionLoggerListener.log OS Name:               Windows 10
22-Jul-2020 17:33:18.594 INFO [main] org.apache.catalina.startup.VersionLoggerListener.log OS Version:            10.0
22-Jul-2020 17:33:18.594 INFO [main] org.apache.catalina.startup.VersionLoggerListener.log Architecture:          amd64
22-Jul-2020 17:33:18.594 INFO [main] org.apache.catalina.startup.VersionLoggerListener.log Java Home:             C:\Program Files\Java\jdk1.8.0_112\jre
22-Jul-2020 17:33:18.594 INFO [main] org.apache.catalina.startup.VersionLoggerListener.log JVM Version:           1.8.0_112-b15
22-Jul-2020 17:33:18.595 INFO [main] org.apache.catalina.startup.VersionLoggerListener.log JVM Vendor:            Oracle Corporation
22-Jul-2020 17:33:18.595 INFO [main] org.apache.catalina.startup.VersionLoggerListener.log CATALINA_BASE:         F:\apache-tomcat-9.0.37
22-Jul-2020 17:33:18.595 INFO [main] org.apache.catalina.startup.VersionLoggerListener.log CATALINA_HOME:         F:\apache-tomcat-9.0.37
22-Jul-2020 17:33:18.599 INFO [main] org.apache.catalina.startup.VersionLoggerListener.log Command line argument: -Djava.util.logging.config.file=F:/apache-tomcat-9.0.37/conf/logging.properties
22-Jul-2020 17:33:18.599 INFO [main] org.apache.catalina.startup.VersionLoggerListener.log Command line argument: -Djava.util.logging.manager=org.apache.juli.ClassLoaderLogManager
22-Jul-2020 17:33:18.599 INFO [main] org.apache.catalina.startup.VersionLoggerListener.log Command line argument: -Djdk.tls.ephemeralDHKeySize=2048
22-Jul-2020 17:33:18.600 INFO [main] org.apache.catalina.startup.VersionLoggerListener.log Command line argument: -Djava.protocol.handler.pkgs=org.apache.catalina.webresources
22-Jul-2020 17:33:18.600 INFO [main] org.apache.catalina.startup.VersionLoggerListener.log Command line argument: -Dorg.apache.catalina.security.SecurityListener.UMASK=0027
22-Jul-2020 17:33:18.600 INFO [main] org.apache.catalina.startup.VersionLoggerListener.log Command line argument: -Dignore.endorsed.dirs=
22-Jul-2020 17:33:18.600 INFO [main] org.apache.catalina.startup.VersionLoggerListener.log Command line argument: -Dcatalina.base=F:/apache-tomcat-9.0.37
22-Jul-2020 17:33:18.600 INFO [main] org.apache.catalina.startup.VersionLoggerListener.log Command line argument: -Dcatalina.home=F:/apache-tomcat-9.0.37
22-Jul-2020 17:33:18.600 INFO [main] org.apache.catalina.startup.VersionLoggerListener.log Command line argument: -Djava.io.tmpdir=F:/apache-tomcat-9.0.37/temp
22-Jul-2020 17:33:18.601 INFO [main] org.apache.catalina.core.AprLifecycleListener.lifecycleEvent The Apache Tomcat Native library which allows using OpenSSL was not found on the java.library.path: [C:\Program Files\Java\jdk1.8.0_112\bin;C:\Windows\Sun\Java\bin;C:\Windows\system32;C:\Windows;C:\Users\Shashi Shankar Singh\bin;C:\Program Files\Git\mingw64\bin;C:\Program Files\Git\usr\local\bin;C:\Program Files\Git\usr\bin;C:\Program Files\Git\usr\bin;C:\Program Files\Git\mingw64\bin;C:\Program Files\Git\usr\bin;C:\Users\Shashi Shankar Singh\bin;C:\Program Files\Java\jre1.8.0_112\bin\server;C:\Program Files\Java\jre1.8.0_112\bin;C:\Program Files\Java\jre1.8.0_112\lib\amd64;C:\oraclexe\app\oracle\product\10.2.0\server\bin;C:\ProgramData\Oracle\Java\javapath;C:\Windows\system32;C:\Windows;C:\Windows\System32\Wbem;C:\Windows\System32\WindowsPowerShell\v1.0;C:\Windows\System32\OpenSSH;C:\Program Files\Java\jdk1.8.0_112\bin;C:\Program Files\Git\cmd;C:\Program Files\dotnet;C:\Program Files\Microsoft SQL Server\130\Tools\Binn;C:\Program Files\Microsoft SQL Server\Client SDK\ODBC\170\Tools\Binn;C:\Program Files\nodejs;C:\Program Files\apache-maven-3.6.3\bin;C:\Users\Shashi Shankar Singh\AppData\Local\Microsoft\WindowsApps;C:\Users\Shashi Shankar Singh\AppData\Roaming\npm;C:\Users\Shashi Shankar Singh\AppData\Roaming\npm\node_modules\@angular\cli\bin;C:\Program Files\JetBrains\IntelliJ IDEA 2019.1.2\bin;C:\Program Files\JetBrains\IntelliJ IDEA Educational Edition 2019.3.1\bin;C:\Users\Shashi Shankar Singh\Downloads\sts-bundle\sts-3.9.11.RELEASE;C:\Program Files\Git\usr\bin\vendor_perl;C:\Program Files\Git\usr\bin\core_perl;.]
22-Jul-2020 17:33:19.539 INFO [main] org.apache.coyote.AbstractProtocol.init Initializing ProtocolHandler ["http-nio-8080"]
22-Jul-2020 17:33:20.306 INFO [main] org.apache.catalina.startup.Catalina.load Server initialization in [2196] milliseconds
22-Jul-2020 17:33:20.517 INFO [main] org.apache.catalina.core.StandardService.startInternal Starting service [Catalina]
22-Jul-2020 17:33:20.517 INFO [main] org.apache.catalina.core.StandardEngine.startInternal Starting Servlet engine: [Apache Tomcat/9.0.37]
22-Jul-2020 17:33:20.537 INFO [main] org.apache.catalina.startup.HostConfig.deployDirectory Deploying web application directory [F:\apache-tomcat-9.0.37\webapps\docs]
22-Jul-2020 17:33:21.529 INFO [main] org.apache.catalina.startup.HostConfig.deployDirectory Deployment of web application directory [F:\apache-tomcat-9.0.37\webapps\docs] has finished in [990] ms
22-Jul-2020 17:33:21.531 INFO [main] org.apache.catalina.startup.HostConfig.deployDirectory Deploying web application directory [F:\apache-tomcat-9.0.37\webapps\examples]
22-Jul-2020 17:33:23.723 INFO [main] org.apache.catalina.startup.HostConfig.deployDirectory Deployment of web application directory [F:\apache-tomcat-9.0.37\webapps\examples] has finished in [2,193] ms
22-Jul-2020 17:33:23.723 INFO [main] org.apache.catalina.startup.HostConfig.deployDirectory Deploying web application directory [F:\apache-tomcat-9.0.37\webapps\host-manager]
22-Jul-2020 17:33:23.805 INFO [main] org.apache.catalina.startup.HostConfig.deployDirectory Deployment of web application directory [F:\apache-tomcat-9.0.37\webapps\host-manager] has finished in [82] ms
22-Jul-2020 17:33:23.806 INFO [main] org.apache.catalina.startup.HostConfig.deployDirectory Deploying web application directory [F:\apache-tomcat-9.0.37\webapps\manager]
22-Jul-2020 17:33:23.887 INFO [main] org.apache.catalina.startup.HostConfig.deployDirectory Deployment of web application directory [F:\apache-tomcat-9.0.37\webapps\manager] has finished in [80] ms
22-Jul-2020 17:33:23.887 INFO [main] org.apache.catalina.startup.HostConfig.deployDirectory Deploying web application directory [F:\apache-tomcat-9.0.37\webapps\ROOT]
22-Jul-2020 17:33:23.949 INFO [main] org.apache.catalina.startup.HostConfig.deployDirectory Deployment of web application directory [F:\apache-tomcat-9.0.37\webapps\ROOT] has finished in [61] ms
22-Jul-2020 17:33:23.959 INFO [main] org.apache.coyote.AbstractProtocol.start Starting ProtocolHandler ["http-nio-8080"]
22-Jul-2020 17:33:23.982 INFO [main] org.apache.catalina.startup.Catalina.start Server startup in [3674] milliseconds
22-Jul-2020 17:47:04.014 INFO [http-nio-8080-exec-2] org.apache.catalina.startup.HostConfig.deployWAR Deploying web application archive [F:\apache-tomcat-9.0.37\webapps\mobile-app-sw.war]
22-Jul-2020 17:47:24.076 INFO [http-nio-8080-exec-2] org.apache.jasper.servlet.TldScanner.scanJars At least one JAR was scanned for TLDs yet contained no TLDs. Enable debug logging for this logger for a complete list of JARs that were scanned but no TLDs were found in them. Skipping unneeded JARs during scanning can improve startup time and JSP compilation time.
22-Jul-2020 17:48:11.298 INFO [http-nio-8080-exec-2] org.apache.catalina.startup.HostConfig.deployWAR Deployment of web application archive [F:\apache-tomcat-9.0.37\webapps\mobile-app-sw.war] has finished in [67,282] ms
22-Jul-2020 17:53:18.013 INFO [main] org.apache.catalina.core.StandardServer.await A valid shutdown command was received via the shutdown port. Stopping the Server instance.
22-Jul-2020 17:53:18.014 INFO [main] org.apache.coyote.AbstractProtocol.pause Pausing ProtocolHandler ["http-nio-8080"]
22-Jul-2020 17:53:18.629 INFO [main] org.apache.catalina.core.StandardService.stopInternal Stopping service [Catalina]
22-Jul-2020 17:53:18.795 WARNING [main] org.apache.catalina.loader.WebappClassLoaderBase.clearReferencesJdbc The web application [mobile-app-sw] registered the JDBC driver [com.mysql.cj.jdbc.Driver] but failed to unregister it when the web application was stopped. To prevent a memory leak, the JDBC Driver has been forcibly unregistered.
22-Jul-2020 17:53:18.796 WARNING [main] org.apache.catalina.loader.WebappClassLoaderBase.clearReferencesThreads The web application [mobile-app-sw] appears to have started a thread named [mysql-cj-abandoned-connection-cleanup] but has failed to stop it. This is very likely to create a memory leak. Stack trace of thread:
 java.lang.Object.wait(Native Method)
 java.lang.ref.ReferenceQueue.remove(ReferenceQueue.java:143)
 com.mysql.cj.jdbc.AbandonedConnectionCleanupThread.run(AbandonedConnectionCleanupThread.java:85)
 java.util.concurrent.ThreadPoolExecutor.runWorker(ThreadPoolExecutor.java:1142)
 java.util.concurrent.ThreadPoolExecutor$Worker.run(ThreadPoolExecutor.java:617)
 java.lang.Thread.run(Thread.java:745)
22-Jul-2020 17:53:18.854 INFO [main] org.apache.coyote.AbstractProtocol.stop Stopping ProtocolHandler ["http-nio-8080"]
22-Jul-2020 17:53:18.882 INFO [main] org.apache.coyote.AbstractProtocol.destroy Destroying ProtocolHandler ["http-nio-8080"]
